
*** Running vivado
    with args -log conv_system_axi_bram_ctrl_0_bram_0.vds -m64 -product Vivado -mode batch -messageDb vivado.pb -notrace -source conv_system_axi_bram_ctrl_0_bram_0.tcl


ECHO is off.
ECHO is off.

****** Vivado v2023.2 (64-bit)
  **** SW Build 4029153 on Fri Oct 13 20:14:34 MDT 2023
  **** IP Build 4028589 on Sat Oct 14 00:45:43 MDT 2023
  **** SharedData Build 4025554 on Tue Oct 10 17:18:54 MDT 2023
    ** Copyright 1986-2022 Xilinx, Inc. All Rights Reserved.
    ** Copyright 2022-2023 Advanced Micro Devices, Inc. All Rights Reserved.

source conv_system_axi_bram_ctrl_0_bram_0.tcl -notrace
create_project: Time (s): cpu = 00:00:06 ; elapsed = 00:00:06 . Memory (MB): peak = 474.949 ; gain = 178.395
INFO: [IP_Flow 19-234] Refreshing IP repositories
INFO: [IP_Flow 19-1700] Loaded user IP repository 'c:/Users/User/school/digi_sys_exp/DSProject_Final/2_AXI-Lite_Integration_for_Convolution_Module/ip_repo'.
INFO: [IP_Flow 19-2313] Loaded Vivado IP repository 'C:/Xilinx/Vivado/2023.2/data/ip'.
WARNING: [IP_Flow 19-4995] The host OS only allows 260 characters in a normal path. The IP cache path is more than 80 characters. If you experience issues with IP caching, please consider changing the IP cache to a location with a shorter path. Alternately consider using the OS subst command to map part of the path to a drive letter. 
Current IP cache path is c:/Users/User/school/digi_sys_exp/DSProject_Final/3_System_Integration/conv_system/conv_system.cache/ip 
INFO: [IP_Flow 19-6924] IPCACHE: Running cache check for IP inst: conv_system_axi_bram_ctrl_0_bram_0
INFO: [IP_Flow 19-6922] IPCACHE: Exporting cached entry 2fc24a60c6c4b727 to dir: C:/Users/User/school/digi_sys_exp/DSProject_Final/3_System_Integration/conv_system/conv_system.runs/conv_system_axi_bram_ctrl_0_bram_0_synth_1
INFO: [IP_Flow 19-6928] IPCACHE: copied cached file c:/Users/User/school/digi_sys_exp/DSProject_Final/3_System_Integration/conv_system/conv_system.cache/ip/2023.2/2/f/2fc24a60c6c4b727/conv_system_axi_bram_ctrl_1_bram_0.dcp to C:/Users/User/school/digi_sys_exp/DSProject_Final/3_System_Integration/conv_system/conv_system.runs/conv_system_axi_bram_ctrl_0_bram_0_synth_1/conv_system_axi_bram_ctrl_0_bram_0.dcp.
INFO: [IP_Flow 19-6928] IPCACHE: copied cached file c:/Users/User/school/digi_sys_exp/DSProject_Final/3_System_Integration/conv_system/conv_system.cache/ip/2023.2/2/f/2fc24a60c6c4b727/conv_system_axi_bram_ctrl_1_bram_0_sim_netlist.v to C:/Users/User/school/digi_sys_exp/DSProject_Final/3_System_Integration/conv_system/conv_system.runs/conv_system_axi_bram_ctrl_0_bram_0_synth_1/conv_system_axi_bram_ctrl_0_bram_0_sim_netlist.v.
INFO: [IP_Flow 19-6928] IPCACHE: copied cached file c:/Users/User/school/digi_sys_exp/DSProject_Final/3_System_Integration/conv_system/conv_system.cache/ip/2023.2/2/f/2fc24a60c6c4b727/conv_system_axi_bram_ctrl_1_bram_0_sim_netlist.vhdl to C:/Users/User/school/digi_sys_exp/DSProject_Final/3_System_Integration/conv_system/conv_system.runs/conv_system_axi_bram_ctrl_0_bram_0_synth_1/conv_system_axi_bram_ctrl_0_bram_0_sim_netlist.vhdl.
INFO: [IP_Flow 19-6928] IPCACHE: copied cached file c:/Users/User/school/digi_sys_exp/DSProject_Final/3_System_Integration/conv_system/conv_system.cache/ip/2023.2/2/f/2fc24a60c6c4b727/conv_system_axi_bram_ctrl_1_bram_0_stub.v to C:/Users/User/school/digi_sys_exp/DSProject_Final/3_System_Integration/conv_system/conv_system.runs/conv_system_axi_bram_ctrl_0_bram_0_synth_1/conv_system_axi_bram_ctrl_0_bram_0_stub.v.
INFO: [IP_Flow 19-6928] IPCACHE: copied cached file c:/Users/User/school/digi_sys_exp/DSProject_Final/3_System_Integration/conv_system/conv_system.cache/ip/2023.2/2/f/2fc24a60c6c4b727/conv_system_axi_bram_ctrl_1_bram_0_stub.vhdl to C:/Users/User/school/digi_sys_exp/DSProject_Final/3_System_Integration/conv_system/conv_system.runs/conv_system_axi_bram_ctrl_0_bram_0_synth_1/conv_system_axi_bram_ctrl_0_bram_0_stub.vhdl.
INFO: [IP_Flow 19-4838] Using cached IP synthesis design for IP conv_system_axi_bram_ctrl_0_bram_0, cache-ID = 2fc24a60c6c4b727.
INFO: [Common 17-206] Exiting Vivado at Sat Dec 27 20:48:28 2025...
